{"/Users/admin/Documents/react-inversify-tasks/src/App.tsx": {"path":"/Users/admin/Documents/react-inversify-tasks/src/App.tsx","statementMap":{"0":{"start":{"line":1,"column":0},"end":{"line":1,"column":32}},"1":{"start":{"line":2,"column":0},"end":{"line":2,"column":42}},"2":{"start":{"line":3,"column":0},"end":{"line":3,"column":32}},"3":{"start":{"line":4,"column":0},"end":{"line":4,"column":18}},"4":{"start":{"line":7,"column":28},"end":{"line":7,"column":39}},"5":{"start":{"line":9,"column":2},"end":{"line":32,"column":null}},"6":{"start":{"line":21,"column":31},"end":{"line":21,"column":61}},"7":{"start":{"line":21,"column":51},"end":{"line":21,"column":60}},"8":{"start":{"line":35,"column":0},"end":{"line":35,"column":null}}},"fnMap":{"0":{"name":"App","decl":{"start":{"line":6,"column":9},"end":{"line":6,"column":12}},"loc":{"start":{"line":6,"column":12},"end":{"line":33,"column":1}}},"1":{"name":"(anonymous_1)","decl":{"start":{"line":21,"column":25},"end":{"line":21,"column":28}},"loc":{"start":{"line":21,"column":31},"end":{"line":21,"column":61}}},"2":{"name":"(anonymous_2)","decl":{"start":{"line":21,"column":40},"end":{"line":21,"column":41}},"loc":{"start":{"line":21,"column":51},"end":{"line":21,"column":60}}}},"branchMap":{},"s":{"0":0,"1":0,"2":0,"3":0,"4":0,"5":0,"6":0,"7":0,"8":0},"f":{"0":0,"1":0,"2":0},"b":{}}
,"/Users/admin/Documents/react-inversify-tasks/src/app/App.tsx": {"path":"/Users/admin/Documents/react-inversify-tasks/src/app/App.tsx","statementMap":{"0":{"start":{"line":1,"column":0},"end":{"line":1,"column":26}},"1":{"start":{"line":2,"column":0},"end":{"line":2,"column":42}},"2":{"start":{"line":3,"column":0},"end":{"line":3,"column":42}},"3":{"start":{"line":4,"column":0},"end":{"line":4,"column":47}},"4":{"start":{"line":5,"column":0},"end":{"line":5,"column":20}},"5":{"start":{"line":7,"column":29},"end":{"line":23,"column":1}},"6":{"start":{"line":8,"column":17},"end":{"line":8,"column":28}},"7":{"start":{"line":10,"column":2},"end":{"line":22,"column":4}},"8":{"start":{"line":7,"column":13},"end":{"line":7,"column":29}}},"fnMap":{"0":{"name":"(anonymous_0)","decl":{"start":{"line":7,"column":29},"end":{"line":7,"column":32}},"loc":{"start":{"line":7,"column":34},"end":{"line":23,"column":1}}}},"branchMap":{"0":{"loc":{"start":{"line":18,"column":11},"end":{"line":18,"column":63}},"type":"cond-expr","locations":[{"start":{"line":18,"column":33},"end":{"line":18,"column":46}},{"start":{"line":18,"column":49},"end":{"line":18,"column":63}}]}},"s":{"0":0,"1":0,"2":0,"3":0,"4":0,"5":0,"6":0,"7":0,"8":0},"f":{"0":0},"b":{"0":[0,0]}}
,"/Users/admin/Documents/react-inversify-tasks/src/di/container.ts": {"path":"/Users/admin/Documents/react-inversify-tasks/src/di/container.ts","statementMap":{"0":{"start":{"line":1,"column":0},"end":{"line":1,"column":26}},"1":{"start":{"line":2,"column":0},"end":{"line":2,"column":38}},"2":{"start":{"line":3,"column":0},"end":{"line":3,"column":34}},"3":{"start":{"line":5,"column":0},"end":{"line":5,"column":58}},"4":{"start":{"line":6,"column":0},"end":{"line":6,"column":62}},"5":{"start":{"line":8,"column":18},"end":{"line":8,"column":62}},"6":{"start":{"line":14,"column":9},"end":{"line":14,"column":18}},"7":{"start":{"line":11,"column":0},"end":{"line":11,"column":64}},"8":{"start":{"line":12,"column":0},"end":{"line":12,"column":69}}},"fnMap":{},"branchMap":{},"s":{"0":0,"1":0,"2":0,"3":0,"4":0,"5":0,"6":0,"7":0,"8":0},"f":{},"b":{}}
,"/Users/admin/Documents/react-inversify-tasks/src/di/symbols.ts": {"path":"/Users/admin/Documents/react-inversify-tasks/src/di/symbols.ts","statementMap":{"0":{"start":{"line":1,"column":13},"end":{"line":4,"column":2}}},"fnMap":{},"branchMap":{},"s":{"0":0},"f":{},"b":{}}
,"/Users/admin/Documents/react-inversify-tasks/src/hooks/useConfig.ts": {"path":"/Users/admin/Documents/react-inversify-tasks/src/hooks/useConfig.ts","statementMap":{"0":{"start":{"line":1,"column":0},"end":{"line":1,"column":32}},"1":{"start":{"line":2,"column":0},"end":{"line":2,"column":44}},"2":{"start":{"line":3,"column":0},"end":{"line":3,"column":38}},"3":{"start":{"line":10,"column":25},"end":{"line":12,"column":1}},"4":{"start":{"line":11,"column":2},"end":{"line":11,"column":78}},"5":{"start":{"line":11,"column":23},"end":{"line":11,"column":72}},"6":{"start":{"line":10,"column":13},"end":{"line":10,"column":25}}},"fnMap":{"0":{"name":"(anonymous_0)","decl":{"start":{"line":10,"column":25},"end":{"line":10,"column":28}},"loc":{"start":{"line":10,"column":30},"end":{"line":12,"column":1}}},"1":{"name":"(anonymous_1)","decl":{"start":{"line":11,"column":17},"end":{"line":11,"column":20}},"loc":{"start":{"line":11,"column":23},"end":{"line":11,"column":72}}}},"branchMap":{},"s":{"0":0,"1":0,"2":0,"3":0,"4":0,"5":0,"6":0},"f":{"0":0,"1":0},"b":{}}
,"/Users/admin/Documents/react-inversify-tasks/src/hooks/useTaskService.ts": {"path":"/Users/admin/Documents/react-inversify-tasks/src/hooks/useTaskService.ts","statementMap":{"0":{"start":{"line":1,"column":0},"end":{"line":1,"column":53}},"1":{"start":{"line":2,"column":0},"end":{"line":2,"column":44}},"2":{"start":{"line":3,"column":0},"end":{"line":3,"column":38}},"3":{"start":{"line":6,"column":0},"end":{"line":6,"column":40}},"4":{"start":{"line":8,"column":30},"end":{"line":50,"column":1}},"5":{"start":{"line":9,"column":22},"end":{"line":9,"column":87}},"6":{"start":{"line":9,"column":36},"end":{"line":9,"column":82}},"7":{"start":{"line":10,"column":17},"end":{"line":10,"column":28}},"8":{"start":{"line":11,"column":28},"end":{"line":11,"column":70}},"9":{"start":{"line":11,"column":51},"end":{"line":11,"column":69}},"10":{"start":{"line":13,"column":2},"end":{"line":24,"column":48}},"11":{"start":{"line":15,"column":4},"end":{"line":15,"column":33}},"12":{"start":{"line":18,"column":23},"end":{"line":20,"column":34}},"13":{"start":{"line":19,"column":6},"end":{"line":19,"column":35}},"14":{"start":{"line":23,"column":4},"end":{"line":23,"column":43}},"15":{"start":{"line":23,"column":17},"end":{"line":23,"column":42}},"16":{"start":{"line":26,"column":2},"end":{"line":49,"column":4}},"17":{"start":{"line":29,"column":6},"end":{"line":29,"column":28}},"18":{"start":{"line":30,"column":6},"end":{"line":30,"column":35}},"19":{"start":{"line":33,"column":6},"end":{"line":33,"column":29}},"20":{"start":{"line":34,"column":6},"end":{"line":34,"column":35}},"21":{"start":{"line":37,"column":6},"end":{"line":37,"column":38}},"22":{"start":{"line":38,"column":6},"end":{"line":38,"column":35}},"23":{"start":{"line":41,"column":6},"end":{"line":41,"column":38}},"24":{"start":{"line":42,"column":6},"end":{"line":42,"column":35}},"25":{"start":{"line":44,"column":33},"end":{"line":44,"column":56}},"26":{"start":{"line":46,"column":6},"end":{"line":46,"column":29}},"27":{"start":{"line":47,"column":6},"end":{"line":47,"column":19}},"28":{"start":{"line":8,"column":13},"end":{"line":8,"column":30}}},"fnMap":{"0":{"name":"(anonymous_0)","decl":{"start":{"line":8,"column":30},"end":{"line":8,"column":33}},"loc":{"start":{"line":8,"column":35},"end":{"line":50,"column":1}}},"1":{"name":"(anonymous_1)","decl":{"start":{"line":9,"column":30},"end":{"line":9,"column":33}},"loc":{"start":{"line":9,"column":36},"end":{"line":9,"column":82}}},"2":{"name":"(anonymous_2)","decl":{"start":{"line":11,"column":45},"end":{"line":11,"column":48}},"loc":{"start":{"line":11,"column":51},"end":{"line":11,"column":69}}},"3":{"name":"(anonymous_3)","decl":{"start":{"line":13,"column":12},"end":{"line":13,"column":15}},"loc":{"start":{"line":13,"column":17},"end":{"line":24,"column":3}}},"4":{"name":"(anonymous_4)","decl":{"start":{"line":18,"column":35},"end":{"line":18,"column":38}},"loc":{"start":{"line":18,"column":40},"end":{"line":20,"column":5}}},"5":{"name":"(anonymous_5)","decl":{"start":{"line":23,"column":11},"end":{"line":23,"column":14}},"loc":{"start":{"line":23,"column":17},"end":{"line":23,"column":42}}},"6":{"name":"(anonymous_6)","decl":{"start":{"line":28,"column":13},"end":{"line":28,"column":14}},"loc":{"start":{"line":28,"column":28},"end":{"line":31,"column":5}}},"7":{"name":"(anonymous_7)","decl":{"start":{"line":32,"column":16},"end":{"line":32,"column":17}},"loc":{"start":{"line":32,"column":31},"end":{"line":35,"column":5}}},"8":{"name":"(anonymous_8)","decl":{"start":{"line":36,"column":25},"end":{"line":36,"column":26}},"loc":{"start":{"line":36,"column":40},"end":{"line":39,"column":5}}},"9":{"name":"(anonymous_9)","decl":{"start":{"line":40,"column":16},"end":{"line":40,"column":17}},"loc":{"start":{"line":40,"column":67},"end":{"line":43,"column":5}}},"10":{"name":"(anonymous_10)","decl":{"start":{"line":44,"column":17},"end":{"line":44,"column":18}},"loc":{"start":{"line":44,"column":33},"end":{"line":44,"column":56}}},"11":{"name":"(anonymous_11)","decl":{"start":{"line":45,"column":19},"end":{"line":45,"column":22}},"loc":{"start":{"line":45,"column":24},"end":{"line":48,"column":5}}}},"branchMap":{},"s":{"0":0,"1":0,"2":0,"3":0,"4":0,"5":0,"6":0,"7":0,"8":0,"9":0,"10":0,"11":0,"12":0,"13":0,"14":0,"15":0,"16":0,"17":0,"18":0,"19":0,"20":0,"21":0,"22":0,"23":0,"24":0,"25":0,"26":0,"27":0,"28":0},"f":{"0":0,"1":0,"2":0,"3":0,"4":0,"5":0,"6":0,"7":0,"8":0,"9":0,"10":0,"11":0},"b":{}}
,"/Users/admin/Documents/react-inversify-tasks/src/infra/config/ConfigService.ts": {"path":"/Users/admin/Documents/react-inversify-tasks/src/infra/config/ConfigService.ts","statementMap":{"0":{"start":{"line":1,"column":0},"end":{"line":1,"column":39}},"1":{"start":{"line":8,"column":7},"end":{"line":36,"column":null}},"2":{"start":{"line":13,"column":4},"end":{"line":13,"column":67}},"3":{"start":{"line":20,"column":4},"end":{"line":20,"column":32}},"4":{"start":{"line":27,"column":4},"end":{"line":27,"column":55}},"5":{"start":{"line":34,"column":4},"end":{"line":34,"column":77}},"6":{"start":{"line":8,"column":13},"end":{"line":8,"column":26}},"7":{"start":{"line":8,"column":13},"end":{"line":36,"column":null}}},"fnMap":{"0":{"name":"(anonymous_1)","decl":{"start":{"line":12,"column":2},"end":{"line":12,"column":6}},"loc":{"start":{"line":12,"column":12},"end":{"line":14,"column":3}}},"1":{"name":"(anonymous_2)","decl":{"start":{"line":19,"column":2},"end":{"line":19,"column":6}},"loc":{"start":{"line":19,"column":18},"end":{"line":21,"column":3}}},"2":{"name":"(anonymous_3)","decl":{"start":{"line":26,"column":2},"end":{"line":26,"column":6}},"loc":{"start":{"line":26,"column":16},"end":{"line":28,"column":3}}},"3":{"name":"(anonymous_4)","decl":{"start":{"line":33,"column":2},"end":{"line":33,"column":6}},"loc":{"start":{"line":33,"column":25},"end":{"line":35,"column":3}}}},"branchMap":{"0":{"loc":{"start":{"line":13,"column":11},"end":{"line":13,"column":66}},"type":"binary-expr","locations":[{"start":{"line":13,"column":11},"end":{"line":13,"column":39}},{"start":{"line":13,"column":43},"end":{"line":13,"column":66}}]},"1":{"loc":{"start":{"line":27,"column":11},"end":{"line":27,"column":54}},"type":"binary-expr","locations":[{"start":{"line":27,"column":11},"end":{"line":27,"column":43}},{"start":{"line":27,"column":47},"end":{"line":27,"column":54}}]},"2":{"loc":{"start":{"line":34,"column":20},"end":{"line":34,"column":71}},"type":"binary-expr","locations":[{"start":{"line":34,"column":20},"end":{"line":34,"column":62}},{"start":{"line":34,"column":66},"end":{"line":34,"column":71}}]}},"s":{"0":0,"1":0,"2":0,"3":0,"4":0,"5":0,"6":0,"7":0},"f":{"0":0,"1":0,"2":0,"3":0},"b":{"0":[0,0],"1":[0,0],"2":[0,0]}}
,"/Users/admin/Documents/react-inversify-tasks/src/infra/memory/TaskService.ts": {"path":"/Users/admin/Documents/react-inversify-tasks/src/infra/memory/TaskService.ts","statementMap":{"0":{"start":{"line":1,"column":0},"end":{"line":1,"column":39}},"1":{"start":{"line":5,"column":20},"end":{"line":5,"column":43}},"2":{"start":{"line":8,"column":7},"end":{"line":88,"column":null}},"3":{"start":{"line":9,"column":10},"end":{"line":9,"column":null}},"4":{"start":{"line":12,"column":4},"end":{"line":12,"column":27}},"5":{"start":{"line":16,"column":4},"end":{"line":29,"column":5}},"6":{"start":{"line":17,"column":26},"end":{"line":17,"column":59}},"7":{"start":{"line":18,"column":6},"end":{"line":26,"column":7}},"8":{"start":{"line":20,"column":8},"end":{"line":25,"column":11}},"9":{"start":{"line":21,"column":10},"end":{"line":23,"column":11}},"10":{"start":{"line":22,"column":12},"end":{"line":22,"column":35}},"11":{"start":{"line":24,"column":10},"end":{"line":24,"column":23}},"12":{"start":{"line":28,"column":6},"end":{"line":28,"column":70}},"13":{"start":{"line":33,"column":4},"end":{"line":37,"column":5}},"14":{"start":{"line":34,"column":6},"end":{"line":34,"column":68}},"15":{"start":{"line":36,"column":6},"end":{"line":36,"column":68}},"16":{"start":{"line":42,"column":4},"end":{"line":44,"column":5}},"17":{"start":{"line":43,"column":6},"end":{"line":43,"column":51}},"18":{"start":{"line":47,"column":26},"end":{"line":51,"column":6}},"19":{"start":{"line":53,"column":4},"end":{"line":53,"column":29}},"20":{"start":{"line":54,"column":4},"end":{"line":54,"column":25}},"21":{"start":{"line":58,"column":4},"end":{"line":58,"column":27}},"22":{"start":{"line":62,"column":4},"end":{"line":62,"column":59}},"23":{"start":{"line":62,"column":43},"end":{"line":62,"column":57}},"24":{"start":{"line":63,"column":4},"end":{"line":63,"column":25}},"25":{"start":{"line":67,"column":4},"end":{"line":69,"column":6}},"26":{"start":{"line":68,"column":6},"end":{"line":68,"column":53}},"27":{"start":{"line":70,"column":4},"end":{"line":70,"column":25}},"28":{"start":{"line":74,"column":4},"end":{"line":74,"column":51}},"29":{"start":{"line":74,"column":35},"end":{"line":74,"column":49}},"30":{"start":{"line":78,"column":4},"end":{"line":80,"column":6}},"31":{"start":{"line":79,"column":6},"end":{"line":79,"column":69}},"32":{"start":{"line":81,"column":4},"end":{"line":81,"column":25}},"33":{"start":{"line":85,"column":4},"end":{"line":85,"column":20}},"34":{"start":{"line":86,"column":4},"end":{"line":86,"column":25}},"35":{"start":{"line":8,"column":13},"end":{"line":8,"column":24}},"36":{"start":{"line":8,"column":13},"end":{"line":88,"column":null}}},"fnMap":{"0":{"name":"(anonymous_2)","decl":{"start":{"line":11,"column":2},"end":{"line":11,"column":null}},"loc":{"start":{"line":11,"column":2},"end":{"line":13,"column":3}}},"1":{"name":"(anonymous_3)","decl":{"start":{"line":15,"column":10},"end":{"line":15,"column":25}},"loc":{"start":{"line":15,"column":25},"end":{"line":30,"column":3}}},"2":{"name":"(anonymous_4)","decl":{"start":{"line":20,"column":45},"end":{"line":20,"column":46}},"loc":{"start":{"line":20,"column":60},"end":{"line":25,"column":9}}},"3":{"name":"(anonymous_5)","decl":{"start":{"line":32,"column":10},"end":{"line":32,"column":23}},"loc":{"start":{"line":32,"column":23},"end":{"line":38,"column":3}}},"4":{"name":"(anonymous_6)","decl":{"start":{"line":40,"column":2},"end":{"line":40,"column":5}},"loc":{"start":{"line":40,"column":16},"end":{"line":55,"column":3}}},"5":{"name":"(anonymous_7)","decl":{"start":{"line":57,"column":2},"end":{"line":57,"column":6}},"loc":{"start":{"line":57,"column":6},"end":{"line":59,"column":3}}},"6":{"name":"(anonymous_8)","decl":{"start":{"line":61,"column":2},"end":{"line":61,"column":8}},"loc":{"start":{"line":61,"column":19},"end":{"line":64,"column":3}}},"7":{"name":"(anonymous_9)","decl":{"start":{"line":62,"column":35},"end":{"line":62,"column":39}},"loc":{"start":{"line":62,"column":43},"end":{"line":62,"column":57}}},"8":{"name":"(anonymous_10)","decl":{"start":{"line":66,"column":2},"end":{"line":66,"column":8}},"loc":{"start":{"line":66,"column":55},"end":{"line":71,"column":3}}},"9":{"name":"(anonymous_11)","decl":{"start":{"line":67,"column":32},"end":{"line":67,"column":36}},"loc":{"start":{"line":68,"column":6},"end":{"line":68,"column":53}}},"10":{"name":"(anonymous_12)","decl":{"start":{"line":73,"column":2},"end":{"line":73,"column":9}},"loc":{"start":{"line":73,"column":20},"end":{"line":75,"column":3}}},"11":{"name":"(anonymous_13)","decl":{"start":{"line":74,"column":27},"end":{"line":74,"column":31}},"loc":{"start":{"line":74,"column":35},"end":{"line":74,"column":49}}},"12":{"name":"(anonymous_14)","decl":{"start":{"line":77,"column":2},"end":{"line":77,"column":17}},"loc":{"start":{"line":77,"column":28},"end":{"line":82,"column":3}}},"13":{"name":"(anonymous_15)","decl":{"start":{"line":78,"column":32},"end":{"line":78,"column":36}},"loc":{"start":{"line":79,"column":6},"end":{"line":79,"column":69}}},"14":{"name":"(anonymous_16)","decl":{"start":{"line":84,"column":2},"end":{"line":84,"column":10}},"loc":{"start":{"line":84,"column":10},"end":{"line":87,"column":3}}}},"branchMap":{"0":{"loc":{"start":{"line":18,"column":6},"end":{"line":26,"column":7}},"type":"if","locations":[{"start":{"line":18,"column":6},"end":{"line":26,"column":7}}]},"1":{"loc":{"start":{"line":21,"column":10},"end":{"line":23,"column":11}},"type":"if","locations":[{"start":{"line":21,"column":10},"end":{"line":23,"column":11}}]},"2":{"loc":{"start":{"line":21,"column":14},"end":{"line":21,"column":42}},"type":"binary-expr","locations":[{"start":{"line":21,"column":14},"end":{"line":21,"column":33}},{"start":{"line":21,"column":37},"end":{"line":21,"column":42}}]},"3":{"loc":{"start":{"line":42,"column":4},"end":{"line":44,"column":5}},"type":"if","locations":[{"start":{"line":42,"column":4},"end":{"line":44,"column":5}}]},"4":{"loc":{"start":{"line":49,"column":17},"end":{"line":49,"column":45}},"type":"binary-expr","locations":[{"start":{"line":49,"column":17},"end":{"line":49,"column":31}},{"start":{"line":49,"column":35},"end":{"line":49,"column":45}}]},"5":{"loc":{"start":{"line":50,"column":17},"end":{"line":50,"column":40}},"type":"binary-expr","locations":[{"start":{"line":50,"column":17},"end":{"line":50,"column":31}},{"start":{"line":50,"column":35},"end":{"line":50,"column":40}}]},"6":{"loc":{"start":{"line":68,"column":6},"end":{"line":68,"column":53}},"type":"cond-expr","locations":[{"start":{"line":68,"column":23},"end":{"line":68,"column":46}},{"start":{"line":68,"column":49},"end":{"line":68,"column":53}}]},"7":{"loc":{"start":{"line":79,"column":6},"end":{"line":79,"column":69}},"type":"cond-expr","locations":[{"start":{"line":79,"column":23},"end":{"line":79,"column":62}},{"start":{"line":79,"column":65},"end":{"line":79,"column":69}}]}},"s":{"0":1,"1":1,"2":1,"3":12,"4":12,"5":12,"6":12,"7":11,"8":1,"9":6,"10":1,"11":5,"12":1,"13":15,"14":15,"15":1,"16":11,"17":1,"18":10,"19":10,"20":10,"21":10,"22":1,"23":1,"24":1,"25":1,"26":1,"27":1,"28":3,"29":3,"30":2,"31":2,"32":2,"33":1,"34":1,"35":1,"36":1},"f":{"0":12,"1":12,"2":6,"3":15,"4":11,"5":10,"6":1,"7":1,"8":1,"9":1,"10":3,"11":3,"12":2,"13":2,"14":1},"b":{"0":[1],"1":[1],"2":[6,1],"3":[1],"4":[10,0],"5":[10,9],"6":[1,0],"7":[2,0]}}
,"/Users/admin/Documents/react-inversify-tasks/src/ui/TaskForm.tsx": {"path":"/Users/admin/Documents/react-inversify-tasks/src/ui/TaskForm.tsx","statementMap":{"0":{"start":{"line":1,"column":0},"end":{"line":1,"column":40}},"1":{"start":{"line":2,"column":0},"end":{"line":2,"column":57}},"2":{"start":{"line":7,"column":34},"end":{"line":65,"column":1}},"3":{"start":{"line":8,"column":22},"end":{"line":8,"column":38}},"4":{"start":{"line":9,"column":26},"end":{"line":9,"column":38}},"5":{"start":{"line":10,"column":34},"end":{"line":10,"column":63}},"6":{"start":{"line":12,"column":23},"end":{"line":25,"column":3}},"7":{"start":{"line":13,"column":4},"end":{"line":13,"column":23}},"8":{"start":{"line":14,"column":4},"end":{"line":24,"column":5}},"9":{"start":{"line":15,"column":6},"end":{"line":21,"column":9}},"10":{"start":{"line":22,"column":6},"end":{"line":22,"column":18}},"11":{"start":{"line":23,"column":6},"end":{"line":23,"column":29}},"12":{"start":{"line":27,"column":2},"end":{"line":64,"column":4}},"13":{"start":{"line":37,"column":29},"end":{"line":37,"column":52}},"14":{"start":{"line":49,"column":29},"end":{"line":49,"column":81}},"15":{"start":{"line":7,"column":13},"end":{"line":7,"column":34}}},"fnMap":{"0":{"name":"(anonymous_0)","decl":{"start":{"line":7,"column":34},"end":{"line":7,"column":37}},"loc":{"start":{"line":7,"column":39},"end":{"line":65,"column":1}}},"1":{"name":"(anonymous_1)","decl":{"start":{"line":12,"column":23},"end":{"line":12,"column":24}},"loc":{"start":{"line":12,"column":46},"end":{"line":25,"column":3}}},"2":{"name":"(anonymous_2)","decl":{"start":{"line":37,"column":22},"end":{"line":37,"column":23}},"loc":{"start":{"line":37,"column":29},"end":{"line":37,"column":52}}},"3":{"name":"(anonymous_3)","decl":{"start":{"line":49,"column":22},"end":{"line":49,"column":23}},"loc":{"start":{"line":49,"column":29},"end":{"line":49,"column":81}}}},"branchMap":{"0":{"loc":{"start":{"line":14,"column":4},"end":{"line":24,"column":5}},"type":"if","locations":[{"start":{"line":14,"column":4},"end":{"line":24,"column":5}}]},"1":{"loc":{"start":{"line":48,"column":19},"end":{"line":48,"column":33}},"type":"binary-expr","locations":[{"start":{"line":48,"column":19},"end":{"line":48,"column":27}},{"start":{"line":48,"column":31},"end":{"line":48,"column":33}}]},"2":{"loc":{"start":{"line":49,"column":41},"end":{"line":49,"column":80}},"type":"binary-expr","locations":[{"start":{"line":49,"column":41},"end":{"line":49,"column":67}},{"start":{"line":49,"column":71},"end":{"line":49,"column":80}}]}},"s":{"0":0,"1":0,"2":0,"3":0,"4":0,"5":0,"6":0,"7":0,"8":0,"9":0,"10":0,"11":0,"12":0,"13":0,"14":0,"15":0},"f":{"0":0,"1":0,"2":0,"3":0},"b":{"0":[0],"1":[0,0],"2":[0,0]}}
,"/Users/admin/Documents/react-inversify-tasks/src/ui/TaskItem.tsx": {"path":"/Users/admin/Documents/react-inversify-tasks/src/ui/TaskItem.tsx","statementMap":{"0":{"start":{"line":1,"column":0},"end":{"line":1,"column":36}},"1":{"start":{"line":10,"column":13},"end":{"line":57,"column":3}},"2":{"start":{"line":11,"column":32},"end":{"line":13,"column":3}},"3":{"start":{"line":12,"column":4},"end":{"line":12,"column":31}},"4":{"start":{"line":15,"column":23},"end":{"line":17,"column":3}},"5":{"start":{"line":16,"column":4},"end":{"line":16,"column":22}},"6":{"start":{"line":20,"column":24},"end":{"line":24,"column":4}},"7":{"start":{"line":26,"column":2},"end":{"line":56,"column":4}},"8":{"start":{"line":59,"column":0},"end":{"line":59,"column":34}}},"fnMap":{"0":{"name":"(anonymous_0)","decl":{"start":{"line":10,"column":54},"end":{"line":10,"column":55}},"loc":{"start":{"line":10,"column":96},"end":{"line":57,"column":1}}},"1":{"name":"(anonymous_1)","decl":{"start":{"line":11,"column":32},"end":{"line":11,"column":35}},"loc":{"start":{"line":11,"column":37},"end":{"line":13,"column":3}}},"2":{"name":"(anonymous_2)","decl":{"start":{"line":15,"column":23},"end":{"line":15,"column":26}},"loc":{"start":{"line":15,"column":28},"end":{"line":17,"column":3}}}},"branchMap":{"0":{"loc":{"start":{"line":32,"column":46},"end":{"line":32,"column":88}},"type":"cond-expr","locations":[{"start":{"line":32,"column":63},"end":{"line":32,"column":75}},{"start":{"line":32,"column":78},"end":{"line":32,"column":88}}]},"1":{"loc":{"start":{"line":36,"column":35},"end":{"line":36,"column":75}},"type":"cond-expr","locations":[{"start":{"line":36,"column":52},"end":{"line":36,"column":66}},{"start":{"line":36,"column":69},"end":{"line":36,"column":75}}]},"2":{"loc":{"start":{"line":42,"column":9},"end":{"line":45,"column":null}},"type":"binary-expr","locations":[{"start":{"line":42,"column":9},"end":{"line":42,"column":22}},{"start":{"line":43,"column":10},"end":{"line":44,"column":null}}]}},"s":{"0":1,"1":1,"2":4,"3":1,"4":4,"5":1,"6":4,"7":4,"8":1},"f":{"0":4,"1":1,"2":1},"b":{"0":[1,3],"1":[1,3],"2":[4,4]}}
,"/Users/admin/Documents/react-inversify-tasks/src/ui/TaskList.tsx": {"path":"/Users/admin/Documents/react-inversify-tasks/src/ui/TaskList.tsx","statementMap":{"0":{"start":{"line":1,"column":0},"end":{"line":1,"column":49}},"1":{"start":{"line":2,"column":0},"end":{"line":2,"column":57}},"2":{"start":{"line":3,"column":0},"end":{"line":3,"column":38}},"3":{"start":{"line":7,"column":34},"end":{"line":100,"column":1}},"4":{"start":{"line":8,"column":68},"end":{"line":8,"column":84}},"5":{"start":{"line":9,"column":36},"end":{"line":9,"column":51}},"6":{"start":{"line":10,"column":28},"end":{"line":10,"column":56}},"7":{"start":{"line":11,"column":30},"end":{"line":11,"column":57}},"8":{"start":{"line":13,"column":32},"end":{"line":15,"column":3}},"9":{"start":{"line":14,"column":4},"end":{"line":14,"column":28}},"10":{"start":{"line":17,"column":27},"end":{"line":19,"column":3}},"11":{"start":{"line":18,"column":4},"end":{"line":18,"column":19}},"12":{"start":{"line":21,"column":30},"end":{"line":25,"column":3}},"13":{"start":{"line":22,"column":4},"end":{"line":24,"column":5}},"14":{"start":{"line":23,"column":6},"end":{"line":23,"column":22}},"15":{"start":{"line":27,"column":24},"end":{"line":36,"column":21}},"16":{"start":{"line":28,"column":4},"end":{"line":35,"column":5}},"17":{"start":{"line":30,"column":8},"end":{"line":30,"column":53}},"18":{"start":{"line":30,"column":36},"end":{"line":30,"column":51}},"19":{"start":{"line":32,"column":8},"end":{"line":32,"column":52}},"20":{"start":{"line":32,"column":36},"end":{"line":32,"column":50}},"21":{"start":{"line":34,"column":8},"end":{"line":34,"column":21}},"22":{"start":{"line":38,"column":22},"end":{"line":38,"column":90}},"23":{"start":{"line":38,"column":36},"end":{"line":38,"column":80}},"24":{"start":{"line":38,"column":57},"end":{"line":38,"column":72}},"25":{"start":{"line":39,"column":25},"end":{"line":39,"column":92}},"26":{"start":{"line":39,"column":39},"end":{"line":39,"column":82}},"27":{"start":{"line":39,"column":60},"end":{"line":39,"column":74}},"28":{"start":{"line":41,"column":2},"end":{"line":41,"column":52}},"29":{"start":{"line":41,"column":17},"end":{"line":41,"column":52}},"30":{"start":{"line":42,"column":2},"end":{"line":42,"column":54}},"31":{"start":{"line":42,"column":13},"end":{"line":42,"column":54}},"32":{"start":{"line":44,"column":2},"end":{"line":99,"column":4}},"33":{"start":{"line":63,"column":27},"end":{"line":63,"column":43}},"34":{"start":{"line":69,"column":27},"end":{"line":69,"column":46}},"35":{"start":{"line":75,"column":27},"end":{"line":75,"column":49}},"36":{"start":{"line":89,"column":12},"end":{"line":90,"column":null}},"37":{"start":{"line":7,"column":13},"end":{"line":7,"column":34}}},"fnMap":{"0":{"name":"(anonymous_0)","decl":{"start":{"line":7,"column":34},"end":{"line":7,"column":37}},"loc":{"start":{"line":7,"column":39},"end":{"line":100,"column":1}}},"1":{"name":"(anonymous_1)","decl":{"start":{"line":13,"column":32},"end":{"line":13,"column":33}},"loc":{"start":{"line":13,"column":47},"end":{"line":15,"column":3}}},"2":{"name":"(anonymous_2)","decl":{"start":{"line":17,"column":27},"end":{"line":17,"column":28}},"loc":{"start":{"line":17,"column":42},"end":{"line":19,"column":3}}},"3":{"name":"(anonymous_3)","decl":{"start":{"line":21,"column":30},"end":{"line":21,"column":33}},"loc":{"start":{"line":21,"column":35},"end":{"line":25,"column":3}}},"4":{"name":"(anonymous_4)","decl":{"start":{"line":27,"column":32},"end":{"line":27,"column":35}},"loc":{"start":{"line":27,"column":37},"end":{"line":36,"column":3}}},"5":{"name":"(anonymous_5)","decl":{"start":{"line":30,"column":28},"end":{"line":30,"column":32}},"loc":{"start":{"line":30,"column":36},"end":{"line":30,"column":51}}},"6":{"name":"(anonymous_6)","decl":{"start":{"line":32,"column":28},"end":{"line":32,"column":32}},"loc":{"start":{"line":32,"column":36},"end":{"line":32,"column":50}}},"7":{"name":"(anonymous_7)","decl":{"start":{"line":38,"column":30},"end":{"line":38,"column":33}},"loc":{"start":{"line":38,"column":36},"end":{"line":38,"column":80}}},"8":{"name":"(anonymous_8)","decl":{"start":{"line":38,"column":49},"end":{"line":38,"column":53}},"loc":{"start":{"line":38,"column":57},"end":{"line":38,"column":72}}},"9":{"name":"(anonymous_9)","decl":{"start":{"line":39,"column":33},"end":{"line":39,"column":36}},"loc":{"start":{"line":39,"column":39},"end":{"line":39,"column":82}}},"10":{"name":"(anonymous_10)","decl":{"start":{"line":39,"column":52},"end":{"line":39,"column":56}},"loc":{"start":{"line":39,"column":60},"end":{"line":39,"column":74}}},"11":{"name":"(anonymous_11)","decl":{"start":{"line":63,"column":21},"end":{"line":63,"column":24}},"loc":{"start":{"line":63,"column":27},"end":{"line":63,"column":43}}},"12":{"name":"(anonymous_12)","decl":{"start":{"line":69,"column":21},"end":{"line":69,"column":24}},"loc":{"start":{"line":69,"column":27},"end":{"line":69,"column":46}}},"13":{"name":"(anonymous_13)","decl":{"start":{"line":75,"column":21},"end":{"line":75,"column":24}},"loc":{"start":{"line":75,"column":27},"end":{"line":75,"column":49}}},"14":{"name":"(anonymous_14)","decl":{"start":{"line":88,"column":29},"end":{"line":88,"column":33}},"loc":{"start":{"line":89,"column":12},"end":{"line":90,"column":null}}}},"branchMap":{"0":{"loc":{"start":{"line":22,"column":4},"end":{"line":24,"column":5}},"type":"if","locations":[{"start":{"line":22,"column":4},"end":{"line":24,"column":5}}]},"1":{"loc":{"start":{"line":28,"column":4},"end":{"line":35,"column":5}},"type":"switch","locations":[{"start":{"line":29,"column":6},"end":{"line":30,"column":53}},{"start":{"line":31,"column":6},"end":{"line":32,"column":52}},{"start":{"line":33,"column":6},"end":{"line":34,"column":21}}]},"2":{"loc":{"start":{"line":41,"column":2},"end":{"line":41,"column":52}},"type":"if","locations":[{"start":{"line":41,"column":2},"end":{"line":41,"column":52}}]},"3":{"loc":{"start":{"line":42,"column":2},"end":{"line":42,"column":54}},"type":"if","locations":[{"start":{"line":42,"column":2},"end":{"line":42,"column":54}}]},"4":{"loc":{"start":{"line":48,"column":9},"end":{"line":55,"column":null}},"type":"binary-expr","locations":[{"start":{"line":48,"column":9},"end":{"line":48,"column":25}},{"start":{"line":49,"column":10},"end":{"line":52,"column":null}}]},"5":{"loc":{"start":{"line":59,"column":7},"end":{"line":79,"column":null}},"type":"binary-expr","locations":[{"start":{"line":59,"column":7},"end":{"line":59,"column":23}},{"start":{"line":60,"column":8},"end":{"line":78,"column":null}}]},"6":{"loc":{"start":{"line":62,"column":40},"end":{"line":62,"column":72}},"type":"cond-expr","locations":[{"start":{"line":62,"column":59},"end":{"line":62,"column":67}},{"start":{"line":62,"column":70},"end":{"line":62,"column":72}}]},"7":{"loc":{"start":{"line":68,"column":40},"end":{"line":68,"column":75}},"type":"cond-expr","locations":[{"start":{"line":68,"column":62},"end":{"line":68,"column":70}},{"start":{"line":68,"column":73},"end":{"line":68,"column":75}}]},"8":{"loc":{"start":{"line":74,"column":40},"end":{"line":74,"column":78}},"type":"cond-expr","locations":[{"start":{"line":74,"column":65},"end":{"line":74,"column":73}},{"start":{"line":74,"column":76},"end":{"line":74,"column":78}}]},"9":{"loc":{"start":{"line":82,"column":7},"end":{"line":96,"column":null}},"type":"cond-expr","locations":[{"start":{"line":83,"column":8},"end":{"line":83,"column":43}},{"start":{"line":84,"column":10},"end":{"line":96,"column":null}}]},"10":{"loc":{"start":{"line":84,"column":10},"end":{"line":96,"column":null}},"type":"cond-expr","locations":[{"start":{"line":85,"column":8},"end":{"line":85,"column":39}},{"start":{"line":87,"column":8},"end":{"line":95,"column":null}}]}},"s":{"0":0,"1":0,"2":0,"3":0,"4":0,"5":0,"6":0,"7":0,"8":0,"9":0,"10":0,"11":0,"12":0,"13":0,"14":0,"15":0,"16":0,"17":0,"18":0,"19":0,"20":0,"21":0,"22":0,"23":0,"24":0,"25":0,"26":0,"27":0,"28":0,"29":0,"30":0,"31":0,"32":0,"33":0,"34":0,"35":0,"36":0,"37":0},"f":{"0":0,"1":0,"2":0,"3":0,"4":0,"5":0,"6":0,"7":0,"8":0,"9":0,"10":0,"11":0,"12":0,"13":0,"14":0},"b":{"0":[0],"1":[0,0,0],"2":[0],"3":[0],"4":[0,0],"5":[0,0],"6":[0,0],"7":[0,0],"8":[0,0],"9":[0,0],"10":[0,0]}}
}
